1636031168543:Description:
1636031168568:Parameter 1 of constructor in ru.zvor.spring.service.ShellServiceImpl required a bean of type 'ru.zvor.spring.service.IOService' that could not be found.
1636031168573:Action:
1636031184642:Consider defining a bean of type 'ru.zvor.spring.service.IOService' in your configuration.getBookById 1
1636031188753:getBookById -1
1636031193606:getBookById --1
1636031197552:getBookById 1
1636031213279:help
1636031222888:get-book-by-id 1
1636031422386:gbbi 1
1636031426672:get-book-by-id 1
1636031451318:exit
1636032308367:ia 13 Игорь
1636032319820:exit
1636033259219:gab
1636033566313:exit
1636033682643:gaa
1636033693938:gab
1636033699602:exit
1636034320970:gab
1636034335224:db 10
1636034339170:gab
1636034346446:db 1
1636034350598:db 2
1636034353809:gab
1636034369225:exit
1636034935592:gab
1636034941038:gaa
1636034952713:da 1
1636035033846:gab
1636035708439:gaa
1636035716437:da 1
1636035919144:gaa
1636035923481:da 1
1636036890529:gab
1636036906692:db 2
1636036917239:gaa
1636036922674:da 2
1636036964244:gab
1636036987835:gbbi 2
1636037005600:exit
1636037046063:da 1
1636037068341:db 2
1636037077225:gaa
1636037127286:da 2
1636037351980:gab
1636037362282:db 1
1636037366931:db 2
1636037370496:db 3
1636037372974:db 4
1636037374977:db 5
1636037376911:db 6
1636037379296:db 7
1636037382185:db 8
1636037384344:db 9
1636037387232:db 10
1636037390980:gab
1636037401558:da 1
1636037407010:da 2
1636037409751:da 3
1636037468620:db 2
1636037471688:da 2
1636037476357:gab
1636037486009:gaa
1636037490919:da 2
1636037534941:gab
1636037539594:db 2
1636037542999:dab
1636037545392:gab
1636037550389:da 2
1636037615003:db 2
1636037617561:da 2
1636037621512:gaa
1636037633455:da 7
1636037642930:gab
1636037657941:db 8
1636037660039:db 9
1636037666450:gab
1636037674087:gaa
1636037683628:da 7
1636037735461:ia Автор_1
1636037762496:ia 20 Ivan
1636037772903:ia 21 Daniil
1636037777438:gaa
1636037832998:iab 20 BookName20 22 Fedor
1636037838128:gab
1636037842296:gaa
1636037853804:da 22
1636037891307:gaa
1636037893662:gab
1636037903149:bd 20
1636037910897:db 20
1636037926579:gaa
1636037930753:gab
1636037976329:help
1636038262975:gaa
1636038270331:gab
1636038289949:da 22
1636038298534:da 21
1636038311784:da 1
1636038387170:iab 20 NameBook 20 Gogol
1636038398221:gab
1636038400960:gaa
1636038409673:da 20
1636038424953:iab 20 NameBook 20 Gogol
1636038447971:gaa
1636038451836:gab
1636834081563:hepl
1636834086842:help
1636834100387:exit
